<?xml version="1.0" encoding="UTF-8"?>
<!-- Generated by org.testng.reporters.JUnitReportReporter -->
<testsuite skipped="0" hostname="ARAVINDA-DELL-PERSONAL" name="newfeatures.RelativeLocators" tests="1" failures="0" timestamp="24 Jan 2022 17:16:57 GMT" time="9.573" errors="0">
  <testcase name="test" time="9.573" classname="newfeatures.RelativeLocators"/>
</testsuite> <!-- newfeatures.RelativeLocators -->
