<?xml version="1.0" encoding="UTF-8"?>
<!-- Generated by org.testng.reporters.JUnitReportReporter -->
<testsuite skipped="0" hostname="ARAVINDA-DELL-PERSONAL" name="newfeatures.WindowsManagement" tests="1" failures="0" timestamp="24 Jan 2022 16:54:52 GMT" time="12.037" errors="0">
  <testcase name="test1" time="12.037" classname="newfeatures.WindowsManagement"/>
</testsuite> <!-- newfeatures.WindowsManagement -->
