<?xml version="1.0" encoding="UTF-8"?>
<!-- Generated by org.testng.reporters.JUnitReportReporter -->
<testsuite skipped="0" hostname="ARAVINDA-DELL-PERSONAL" name="com.ita.selenium.actitime.test.AutoSuggestionsAndFormFill" tests="2" failures="0" timestamp="19 Jan 2022 16:30:57 GMT" time="26.505" errors="0">
  <testcase name="validatateAutoSuggestions" time="5.537" classname="com.ita.selenium.actitime.test.AutoSuggestionsAndFormFill"/>
  <testcase name="formFill" time="20.968" classname="com.ita.selenium.actitime.test.AutoSuggestionsAndFormFill"/>
</testsuite> <!-- com.ita.selenium.actitime.test.AutoSuggestionsAndFormFill -->
