<?xml version="1.0" encoding="UTF-8"?>
<!-- Generated by org.testng.reporters.JUnitReportReporter -->
<testsuite skipped="0" hostname="ARAVINDA-DELL-PERSONAL" name="testng.PriorityDemo" tests="4" failures="0" timestamp="17 Jan 2022 16:44:30 GMT" time="0.015" errors="0">
  <testcase name="launch" time="0.011" classname="testng.PriorityDemo"/>
  <testcase name="login" time="0.001" classname="testng.PriorityDemo"/>
  <testcase name="createCustomer" time="0.001" classname="testng.PriorityDemo"/>
  <testcase name="logout" time="0.002" classname="testng.PriorityDemo"/>
</testsuite> <!-- testng.PriorityDemo -->
