<?xml version="1.0" encoding="UTF-8"?>
<!-- Generated by org.testng.reporters.JUnitReportReporter -->
<testsuite skipped="0" hostname="ARAVINDA-DELL-PERSONAL" name="testng.DataProviderDemo" tests="2" failures="0" timestamp="18 Jan 2022 16:14:04 GMT" time="0.009" errors="0">
  <testcase name="f" time="0.008" classname="testng.DataProviderDemo"/>
  <testcase name="f" time="0.001" classname="testng.DataProviderDemo"/>
</testsuite> <!-- testng.DataProviderDemo -->
