<?xml version="1.0" encoding="UTF-8"?>
<!-- Generated by org.testng.reporters.JUnitReportReporter -->
<testsuite skipped="0" hostname="ARAVINDA-DELL-PERSONAL" name="newfeatures.NewTabDemo" tests="1" failures="0" timestamp="24 Jan 2022 17:06:45 GMT" time="12.789" errors="0">
  <testcase name="newTab" time="12.789" classname="newfeatures.NewTabDemo"/>
</testsuite> <!-- newfeatures.NewTabDemo -->
