<?xml version="1.0" encoding="UTF-8"?>
<!-- Generated by org.testng.reporters.JUnitReportReporter -->
<testsuite skipped="0" hostname="ARAVINDA-DELL-PERSONAL" name="com.ita.selenium.actitime.test.BrowserOperations" tests="1" failures="0" timestamp="19 Jan 2022 16:30:57 GMT" time="35.144" errors="0">
  <testcase name="browserOperations" time="35.144" classname="com.ita.selenium.actitime.test.BrowserOperations"/>
</testsuite> <!-- com.ita.selenium.actitime.test.BrowserOperations -->
