<?xml version="1.0" encoding="UTF-8"?>
<!-- Generated by org.testng.reporters.JUnitReportReporter -->
<testsuite skipped="0" hostname="ARAVINDA-DELL-PERSONAL" name="com.ita.selenium.actitime.js.ScrollToElement" tests="1" failures="0" timestamp="19 Jan 2022 17:13:54 GMT" time="14.562" errors="0">
  <testcase name="JsExecutor" time="14.562" classname="com.ita.selenium.actitime.js.ScrollToElement"/>
</testsuite> <!-- com.ita.selenium.actitime.js.ScrollToElement -->
