<?xml version="1.0" encoding="UTF-8"?>
<!-- Generated by org.testng.reporters.JUnitReportReporter -->
<testsuite skipped="0" hostname="ARAVINDA-DELL-PERSONAL" name="testng.OrderOfExecutionDemo" tests="3" failures="0" timestamp="17 Jan 2022 16:41:24 GMT" time="0.016" errors="0">
  <testcase name="test1" time="0.002" classname="testng.OrderOfExecutionDemo"/>
  <testcase name="test2" time="0.012" classname="testng.OrderOfExecutionDemo"/>
  <testcase name="test3" time="0.002" classname="testng.OrderOfExecutionDemo"/>
</testsuite> <!-- testng.OrderOfExecutionDemo -->
