<?xml version="1.0" encoding="UTF-8"?>
<!-- Generated by org.testng.reporters.JUnitReportReporter -->
<testsuite skipped="0" hostname="ARAVINDA-DELL-PERSONAL" name="testng.HelloWorldTestNG" tests="4" failures="0" timestamp="20 Jan 2022 16:47:00 GMT" time="0.006" errors="0">
  <testcase name="createCustomer" time="0.001" classname="testng.HelloWorldTestNG"/>
  <testcase name="logout" time="0.001" classname="testng.HelloWorldTestNG"/>
  <testcase name="launch" time="0.003" classname="testng.HelloWorldTestNG"/>
  <testcase name="login" time="0.001" classname="testng.HelloWorldTestNG"/>
</testsuite> <!-- testng.HelloWorldTestNG -->
