<?xml version="1.0" encoding="UTF-8"?>
<!-- Generated by org.testng.reporters.JUnitReportReporter -->
<testsuite skipped="0" hostname="ARAVINDA-DELL-PERSONAL" name="pom.test.LoginTest" tests="2" failures="0" timestamp="20 Jan 2022 16:47:35 GMT" time="15.699" errors="0">
  <testcase name="loginAndGoToTaskTest" time="10.122" classname="pom.test.LoginTest"/>
  <testcase name="loginAndLogoutTest" time="5.577" classname="pom.test.LoginTest"/>
</testsuite> <!-- pom.test.LoginTest -->
