<?xml version="1.0" encoding="UTF-8"?>
<!-- Generated by org.testng.reporters.JUnitReportReporter -->
<testsuite skipped="0" hostname="ARAVINDA-DELL-PERSONAL" name="testng.grid.GridDemo" tests="2" failures="0" timestamp="24 Jan 2022 16:29:12 GMT" time="31.547" errors="0">
  <testcase name="test1" time="12.871" classname="testng.grid.GridDemo"/>
  <testcase name="test2" time="18.676" classname="testng.grid.GridDemo"/>
</testsuite> <!-- testng.grid.GridDemo -->
