<?xml version="1.0" encoding="UTF-8"?>
<!-- Generated by org.testng.reporters.JUnitReportReporter -->
<testsuite skipped="0" hostname="ARAVINDA-DELL-PERSONAL" name="newfeatures.ElementScreenshot" tests="1" failures="0" timestamp="24 Jan 2022 17:00:14 GMT" time="15.110" errors="0">
  <testcase name="elementSS" time="15.110" classname="newfeatures.ElementScreenshot"/>
</testsuite> <!-- newfeatures.ElementScreenshot -->
