<?xml version="1.0" encoding="UTF-8"?>
<!-- Generated by org.testng.reporters.JUnitReportReporter -->
<testsuite skipped="0" hostname="ARAVINDA-DELL-PERSONAL" name="newfeatures.PageLoadingStratergy" tests="1" failures="0" timestamp="24 Jan 2022 17:23:33 GMT" time="10.326" errors="0">
  <testcase name="test" time="10.326" classname="newfeatures.PageLoadingStratergy"/>
</testsuite> <!-- newfeatures.PageLoadingStratergy -->
