<?xml version="1.0" encoding="UTF-8"?>
<!-- Generated by org.testng.reporters.JUnitReportReporter -->
<testsuite skipped="0" hostname="ARAVINDA-DELL-PERSONAL" name="testng.Cars" tests="4" failures="0" timestamp="19 Jan 2022 16:11:22 GMT" time="0.012" errors="0">
  <testcase name="kiaCarnival" time="0.001" classname="testng.Cars"/>
  <testcase name="swift" time="0.001" classname="testng.Cars"/>
  <testcase name="kiaCeltos" time="0.001" classname="testng.Cars"/>
  <testcase name="ertiga" time="0.009" classname="testng.Cars"/>
</testsuite> <!-- testng.Cars -->
