<?xml version="1.0" encoding="UTF-8"?>
<!-- Generated by org.testng.reporters.JUnitReportReporter -->
<testsuite skipped="0" hostname="ARAVINDA-DELL-PERSONAL" name="testng.AllAnnotations" tests="2" failures="0" timestamp="20 Jan 2022 16:47:00 GMT" time="0.006" errors="0">
  <testcase name="test2" time="0.004" classname="testng.AllAnnotations"/>
  <testcase name="test1" time="0.002" classname="testng.AllAnnotations"/>
</testsuite> <!-- testng.AllAnnotations -->
