<?xml version="1.0" encoding="UTF-8"?>
<!-- Generated by org.testng.reporters.JUnitReportReporter -->
<testsuite skipped="0" hostname="ARAVINDA-DELL-PERSONAL" name="testng.grid.Grid" tests="2" failures="0" timestamp="24 Jan 2022 15:06:19 GMT" time="35.182" errors="0">
  <testcase name="test1" time="18.652" classname="testng.grid.Grid"/>
  <testcase name="test2" time="16.530" classname="testng.grid.Grid"/>
</testsuite> <!-- testng.grid.Grid -->
