<?xml version="1.0" encoding="UTF-8"?>
<!-- Generated by org.testng.reporters.JUnitReportReporter -->
<testsuite skipped="0" hostname="ARAVINDA-DELL-PERSONAL" name="com.ita.selenium.actitime.test.CreateCustomerUsingDataProvider" tests="2" failures="0" timestamp="20 Jan 2022 16:47:00 GMT" time="13.242" errors="0">
  <testcase name="createCustomerTest" time="7.022" classname="com.ita.selenium.actitime.test.CreateCustomerUsingDataProvider"/>
  <testcase name="createCustomerTest" time="6.220" classname="com.ita.selenium.actitime.test.CreateCustomerUsingDataProvider"/>
</testsuite> <!-- com.ita.selenium.actitime.test.CreateCustomerUsingDataProvider -->
